#! /c/Source/iverilog-install/bin/vvp
:ivl_version "12.0 (devel)" "(s20150603-1539-g2693dd32b)";
:ivl_delay_selection "TYPICAL";
:vpi_time_precision - 9;
:vpi_module "C:\iverilog\lib\ivl\system.vpi";
:vpi_module "C:\iverilog\lib\ivl\vhdl_sys.vpi";
:vpi_module "C:\iverilog\lib\ivl\vhdl_textio.vpi";
:vpi_module "C:\iverilog\lib\ivl\v2005_math.vpi";
:vpi_module "C:\iverilog\lib\ivl\va_math.vpi";
S_0000024ef56a57d0 .scope module, "hello_world_tb" "hello_world_tb" 2 3;
 .timescale -9 -9;
v0000024ef56a5af0_0 .var "a_in", 0 0;
v0000024ef56a5b90_0 .var "b_in", 0 0;
v0000024ef56eb840_0 .net "y_out", 0 0, L_0000024ef5656da0;  1 drivers
S_0000024ef56a5960 .scope module, "uut" "hello_world" 2 10, 3 1 0, S_0000024ef56a57d0;
 .timescale 0 0;
    .port_info 0 /INPUT 1 "a";
    .port_info 1 /INPUT 1 "b";
    .port_info 2 /OUTPUT 1 "y";
L_0000024ef5656da0 .functor AND 1, v0000024ef56a5af0_0, v0000024ef56a5b90_0, C4<1>, C4<1>;
v0000024ef5657160_0 .net "a", 0 0, v0000024ef56a5af0_0;  1 drivers
v0000024ef565a3f0_0 .net "b", 0 0, v0000024ef56a5b90_0;  1 drivers
v0000024ef565bee0_0 .net "y", 0 0, L_0000024ef5656da0;  alias, 1 drivers
    .scope S_0000024ef56a57d0;
T_0 ;
    %pushi/vec4 0, 0, 1;
    %store/vec4 v0000024ef56a5af0_0, 0, 1;
    %pushi/vec4 0, 0, 1;
    %store/vec4 v0000024ef56a5b90_0, 0, 1;
    %delay 10, 0;
    %pushi/vec4 0, 0, 1;
    %store/vec4 v0000024ef56a5af0_0, 0, 1;
    %pushi/vec4 1, 0, 1;
    %store/vec4 v0000024ef56a5b90_0, 0, 1;
    %delay 10, 0;
    %pushi/vec4 1, 0, 1;
    %store/vec4 v0000024ef56a5af0_0, 0, 1;
    %pushi/vec4 0, 0, 1;
    %store/vec4 v0000024ef56a5b90_0, 0, 1;
    %delay 10, 0;
    %pushi/vec4 1, 0, 1;
    %store/vec4 v0000024ef56a5af0_0, 0, 1;
    %pushi/vec4 1, 0, 1;
    %store/vec4 v0000024ef56a5b90_0, 0, 1;
    %delay 10, 0;
    %vpi_call 2 22 "$finish" {0 0 0};
    %end;
    .thread T_0;
    .scope S_0000024ef56a57d0;
T_1 ;
    %vpi_call 2 27 "$dumpfile", "hello_world.vcd" {0 0 0};
    %vpi_call 2 28 "$dumpvars", 32'sb00000000000000000000000000000000, S_0000024ef56a57d0 {0 0 0};
    %end;
    .thread T_1;
# The file index is used to find the file name in the following table.
:file_names 4;
    "N/A";
    "<interactive>";
    ".\hello_world_tb.v";
    ".\hello_world.v";
